Streaming transaction logs mentioning 2Qj1ytQuewhLnVWK4hFxAUxK2stwqBY2L6bFweaW2KAC. Confirmed commitment
Transaction executed in slot 3:
  Signature: 5arBjNGJbqGBcgw5VAk7ihd3qnwftp5UzumDAtLoieMAGRHETQ8c29Qd3ya66JDV3HpaUEMthWr4wCV72jHrbWaT
  Status: Ok
  Log Messages:
    Program 2Qj1ytQuewhLnVWK4hFxAUxK2stwqBY2L6bFweaW2KAC invoke [1]
    Program log: Instruction: CreateCollection
    Program CoREENxT6tW1HoK8ypY1SxRMZTcVPm7R94rH4PZNhX7d invoke [2]
    Program log: Instruction: CreateCollectionV2
    Program 11111111111111111111111111111111 invoke [3]
    Program 11111111111111111111111111111111 success
    Program CoREENxT6tW1HoK8ypY1SxRMZTcVPm7R94rH4PZNhX7d consumed 5044 of 193227 compute units
    Program CoREENxT6tW1HoK8ypY1SxRMZTcVPm7R94rH4PZNhX7d success
    Program 2Qj1ytQuewhLnVWK4hFxAUxK2stwqBY2L6bFweaW2KAC consumed 12253 of 200000 compute units
    Program 2Qj1ytQuewhLnVWK4hFxAUxK2stwqBY2L6bFweaW2KAC success
Transaction executed in slot 4:
  Signature: 5arBjNGJbqGBcgw5VAk7ihd3qnwftp5UzumDAtLoieMAGRHETQ8c29Qd3ya66JDV3HpaUEMthWr4wCV72jHrbWaT
  Status: Ok
  Log Messages:
    Program 2Qj1ytQuewhLnVWK4hFxAUxK2stwqBY2L6bFweaW2KAC invoke [1]
    Program log: Instruction: CreateCollection
    Program CoREENxT6tW1HoK8ypY1SxRMZTcVPm7R94rH4PZNhX7d invoke [2]
    Program log: Instruction: CreateCollectionV2
    Program 11111111111111111111111111111111 invoke [3]
    Program 11111111111111111111111111111111 success
    Program CoREENxT6tW1HoK8ypY1SxRMZTcVPm7R94rH4PZNhX7d consumed 5044 of 193227 compute units
    Program CoREENxT6tW1HoK8ypY1SxRMZTcVPm7R94rH4PZNhX7d success
    Program 2Qj1ytQuewhLnVWK4hFxAUxK2stwqBY2L6bFweaW2KAC consumed 12253 of 200000 compute units
    Program 2Qj1ytQuewhLnVWK4hFxAUxK2stwqBY2L6bFweaW2KAC success
Transaction executed in slot 4:
  Signature: UQBoCjozXNmyUw1uNFfw1nJkvuDsoi4S34a1hbDmS7UJkcyiSUmpAZTvAc2NFgpUcEk12Z2FPGF71AHEpvMaVdh
  Status: Ok
  Log Messages:
    Program 2Qj1ytQuewhLnVWK4hFxAUxK2stwqBY2L6bFweaW2KAC invoke [1]
    Program log: Instruction: MintNft
    Program CoREENxT6tW1HoK8ypY1SxRMZTcVPm7R94rH4PZNhX7d invoke [2]
    Program log: Instruction: CreateV2
    Program 11111111111111111111111111111111 invoke [3]
    Program 11111111111111111111111111111111 success
    Program log: programs/mpl-core/src/state/collection.rs:139:Approve
    Program CoREENxT6tW1HoK8ypY1SxRMZTcVPm7R94rH4PZNhX7d consumed 11521 of 192518 compute units
    Program CoREENxT6tW1HoK8ypY1SxRMZTcVPm7R94rH4PZNhX7d success
    Program 2Qj1ytQuewhLnVWK4hFxAUxK2stwqBY2L6bFweaW2KAC consumed 19526 of 200000 compute units
    Program 2Qj1ytQuewhLnVWK4hFxAUxK2stwqBY2L6bFweaW2KAC success
Transaction executed in slot 5:
  Signature: UQBoCjozXNmyUw1uNFfw1nJkvuDsoi4S34a1hbDmS7UJkcyiSUmpAZTvAc2NFgpUcEk12Z2FPGF71AHEpvMaVdh
  Status: Ok
  Log Messages:
    Program 2Qj1ytQuewhLnVWK4hFxAUxK2stwqBY2L6bFweaW2KAC invoke [1]
    Program log: Instruction: MintNft
    Program CoREENxT6tW1HoK8ypY1SxRMZTcVPm7R94rH4PZNhX7d invoke [2]
    Program log: Instruction: CreateV2
    Program 11111111111111111111111111111111 invoke [3]
    Program 11111111111111111111111111111111 success
    Program log: programs/mpl-core/src/state/collection.rs:139:Approve
    Program CoREENxT6tW1HoK8ypY1SxRMZTcVPm7R94rH4PZNhX7d consumed 11521 of 192518 compute units
    Program CoREENxT6tW1HoK8ypY1SxRMZTcVPm7R94rH4PZNhX7d success
    Program 2Qj1ytQuewhLnVWK4hFxAUxK2stwqBY2L6bFweaW2KAC consumed 19526 of 200000 compute units
    Program 2Qj1ytQuewhLnVWK4hFxAUxK2stwqBY2L6bFweaW2KAC success
Transaction executed in slot 5:
  Signature: 3gjzaSSVWYc1nDfeRu6uGRrRewGKZfCebAYFaxbJd7LWGoUBPKCk3H28dcy3Wit7AuBDnRrd5zMJ1nXVnzWwuGRW
  Status: Ok
  Log Messages:
    Program 2Qj1ytQuewhLnVWK4hFxAUxK2stwqBY2L6bFweaW2KAC invoke [1]
    Program log: Instruction: InitializeConfig
    Program 11111111111111111111111111111111 invoke [2]
    Program 11111111111111111111111111111111 success
    Program 11111111111111111111111111111111 invoke [2]
    Program 11111111111111111111111111111111 success
    Program TokenkegQfeZyiNwAJbNbGKPFXCWuBvf9Ss623VQ5DA invoke [2]
    Program log: Instruction: InitializeMint2
    Program TokenkegQfeZyiNwAJbNbGKPFXCWuBvf9Ss623VQ5DA consumed 2780 of 183462 compute units
    Program TokenkegQfeZyiNwAJbNbGKPFXCWuBvf9Ss623VQ5DA success
    Program 2Qj1ytQuewhLnVWK4hFxAUxK2stwqBY2L6bFweaW2KAC consumed 23335 of 200000 compute units
    Program 2Qj1ytQuewhLnVWK4hFxAUxK2stwqBY2L6bFweaW2KAC success
Transaction executed in slot 6:
  Signature: 3gjzaSSVWYc1nDfeRu6uGRrRewGKZfCebAYFaxbJd7LWGoUBPKCk3H28dcy3Wit7AuBDnRrd5zMJ1nXVnzWwuGRW
  Status: Ok
  Log Messages:
    Program 2Qj1ytQuewhLnVWK4hFxAUxK2stwqBY2L6bFweaW2KAC invoke [1]
    Program log: Instruction: InitializeConfig
    Program 11111111111111111111111111111111 invoke [2]
    Program 11111111111111111111111111111111 success
    Program 11111111111111111111111111111111 invoke [2]
    Program 11111111111111111111111111111111 success
    Program TokenkegQfeZyiNwAJbNbGKPFXCWuBvf9Ss623VQ5DA invoke [2]
    Program log: Instruction: InitializeMint2
    Program TokenkegQfeZyiNwAJbNbGKPFXCWuBvf9Ss623VQ5DA consumed 2780 of 183462 compute units
    Program TokenkegQfeZyiNwAJbNbGKPFXCWuBvf9Ss623VQ5DA success
    Program 2Qj1ytQuewhLnVWK4hFxAUxK2stwqBY2L6bFweaW2KAC consumed 23335 of 200000 compute units
    Program 2Qj1ytQuewhLnVWK4hFxAUxK2stwqBY2L6bFweaW2KAC success
Transaction executed in slot 7:
  Signature: 3fAH8htcZL2xpu4q3zvCPhBaAWLbQLNdJkLRigXJ4Q17fuSvepvJLiCfKt6hY479EdCX4uRxW2FBdtEKbQLpmcMh
  Status: Ok
  Log Messages:
    Program 2Qj1ytQuewhLnVWK4hFxAUxK2stwqBY2L6bFweaW2KAC invoke [1]
    Program log: Instruction: InitializeOracle
    Program 11111111111111111111111111111111 invoke [2]
    Program 11111111111111111111111111111111 success
    Program log: oracle opened at market hours
    Program 2Qj1ytQuewhLnVWK4hFxAUxK2stwqBY2L6bFweaW2KAC consumed 12620 of 200000 compute units
    Program 2Qj1ytQuewhLnVWK4hFxAUxK2stwqBY2L6bFweaW2KAC success
Transaction executed in slot 8:
  Signature: 2mauGQWm2FQK7raMtC4ky5CHin3aHvCuKu3z9S3rNpkk6siQNPZfCviWGgE9TZcfTggtCZBatQVbJmoiMBLNctSG
  Status: Ok
  Log Messages:
    Program 2Qj1ytQuewhLnVWK4hFxAUxK2stwqBY2L6bFweaW2KAC invoke [1]
    Program log: Instruction: TransferNft
    Program CoREENxT6tW1HoK8ypY1SxRMZTcVPm7R94rH4PZNhX7d invoke [2]
    Program log: Instruction: Transfer
    Program log: programs/mpl-core/src/state/asset.rs:293:Approve
    Program CoREENxT6tW1HoK8ypY1SxRMZTcVPm7R94rH4PZNhX7d consumed 5745 of 192861 compute units
    Program CoREENxT6tW1HoK8ypY1SxRMZTcVPm7R94rH4PZNhX7d success
    Program 2Qj1ytQuewhLnVWK4hFxAUxK2stwqBY2L6bFweaW2KAC consumed 13430 of 200000 compute units
    Program 2Qj1ytQuewhLnVWK4hFxAUxK2stwqBY2L6bFweaW2KAC success
Transaction executed in slot 8:
  Signature: 4gJhfsP4SqrVTvMPzcH2B5uFSheqo2LnkEn9f6YgYJvWq7APqtX5nvkRAfXctp1v5g3Sn5EuCL42q8Uq9RGrkFT9
  Status: Ok
  Log Messages:
    Program 2Qj1ytQuewhLnVWK4hFxAUxK2stwqBY2L6bFweaW2KAC invoke [1]
    Program log: Instruction: Stake
    Program CoREENxT6tW1HoK8ypY1SxRMZTcVPm7R94rH4PZNhX7d invoke [2]
    Program log: Instruction: AddPlugin
    Program log: programs/mpl-core/src/state/collection.rs:160:Approve
    Program 11111111111111111111111111111111 invoke [3]
    Program 11111111111111111111111111111111 success
    Program 11111111111111111111111111111111 invoke [3]
    Program 11111111111111111111111111111111 success
    Program CoREENxT6tW1HoK8ypY1SxRMZTcVPm7R94rH4PZNhX7d consumed 14542 of 187553 compute units
    Program CoREENxT6tW1HoK8ypY1SxRMZTcVPm7R94rH4PZNhX7d success
    Program CoREENxT6tW1HoK8ypY1SxRMZTcVPm7R94rH4PZNhX7d invoke [2]
    Program log: Instruction: AddPlugin
    Program log: programs/mpl-core/src/state/asset.rs:177:Approve
    Program 11111111111111111111111111111111 invoke [3]
    Program 11111111111111111111111111111111 success
    Program CoREENxT6tW1HoK8ypY1SxRMZTcVPm7R94rH4PZNhX7d consumed 11220 of 168406 compute units
    Program CoREENxT6tW1HoK8ypY1SxRMZTcVPm7R94rH4PZNhX7d success
    Program 2Qj1ytQuewhLnVWK4hFxAUxK2stwqBY2L6bFweaW2KAC consumed 43414 of 200000 compute units
    Program 2Qj1ytQuewhLnVWK4hFxAUxK2stwqBY2L6bFweaW2KAC success
Transaction executed in slot 9:
  Signature: 4gJhfsP4SqrVTvMPzcH2B5uFSheqo2LnkEn9f6YgYJvWq7APqtX5nvkRAfXctp1v5g3Sn5EuCL42q8Uq9RGrkFT9
  Status: Ok
  Log Messages:
    Program 2Qj1ytQuewhLnVWK4hFxAUxK2stwqBY2L6bFweaW2KAC invoke [1]
    Program log: Instruction: Stake
    Program CoREENxT6tW1HoK8ypY1SxRMZTcVPm7R94rH4PZNhX7d invoke [2]
    Program log: Instruction: AddPlugin
    Program log: programs/mpl-core/src/state/collection.rs:160:Approve
    Program 11111111111111111111111111111111 invoke [3]
    Program 11111111111111111111111111111111 success
    Program 11111111111111111111111111111111 invoke [3]
    Program 11111111111111111111111111111111 success
    Program CoREENxT6tW1HoK8ypY1SxRMZTcVPm7R94rH4PZNhX7d consumed 14542 of 187553 compute units
    Program CoREENxT6tW1HoK8ypY1SxRMZTcVPm7R94rH4PZNhX7d success
    Program CoREENxT6tW1HoK8ypY1SxRMZTcVPm7R94rH4PZNhX7d invoke [2]
    Program log: Instruction: AddPlugin
    Program log: programs/mpl-core/src/state/asset.rs:177:Approve
    Program 11111111111111111111111111111111 invoke [3]
    Program 11111111111111111111111111111111 success
    Program CoREENxT6tW1HoK8ypY1SxRMZTcVPm7R94rH4PZNhX7d consumed 11220 of 168406 compute units
    Program CoREENxT6tW1HoK8ypY1SxRMZTcVPm7R94rH4PZNhX7d success
    Program 2Qj1ytQuewhLnVWK4hFxAUxK2stwqBY2L6bFweaW2KAC consumed 43414 of 200000 compute units
    Program 2Qj1ytQuewhLnVWK4hFxAUxK2stwqBY2L6bFweaW2KAC success
